# JRE version: Java(TM) SE Runtime Environment (14.0+36) (build 14+36-1461)
# Java VM: Java HotSpot(TM) 64-Bit Server VM (14+36-1461, mixed mode, sharing, tiered, compressed oops, g1 gc, windows-amd64)
Heap:
 garbage-first heap   total 199680K, used 107443K [0x0000000084e00000, 0x0000000100000000)
  region size 1024K, 41 young (41984K), 5 survivors (5120K)
 Metaspace       used 31189K, capacity 32113K, committed 32128K, reserved 1077248K
  class space    used 3349K, capacity 3702K, committed 3712K, reserved 1048576K
GC Heap History (20 events):
Event: 22.083 GC heap before
{Heap before GC invocations=18 (full 0):
 garbage-first heap   total 138240K, used 107244K [0x0000000084e00000, 0x0000000100000000)
  region size 1024K, 58 young (59392K), 2 survivors (2048K)
 Metaspace       used 27186K, capacity 27918K, committed 28032K, reserved 1075200K
  class space    used 2895K, capacity 3168K, committed 3200K, reserved 1048576K
}
Event: 22.096 GC heap after
{Heap after GC invocations=19 (full 0):
 garbage-first heap   total 138240K, used 50780K [0x0000000084e00000, 0x0000000100000000)
  region size 1024K, 3 young (3072K), 3 survivors (3072K)
 Metaspace       used 27186K, capacity 27918K, committed 28032K, reserved 1075200K
  class space    used 2895K, capacity 3168K, committed 3200K, reserved 1048576K
}
Event: 22.742 GC heap before
{Heap before GC invocations=19 (full 0):
 garbage-first heap   total 138240K, used 109148K [0x0000000084e00000, 0x0000000100000000)
  region size 1024K, 60 young (61440K), 3 survivors (3072K)
 Metaspace       used 27346K, capacity 28054K, committed 28288K, reserved 1075200K
  class space    used 2896K, capacity 3169K, committed 3200K, reserved 1048576K
}
Event: 22.751 GC heap after
{Heap after GC invocations=20 (full 0):
 garbage-first heap   total 138240K, used 51533K [0x0000000084e00000, 0x0000000100000000)
  region size 1024K, 4 young (4096K), 4 survivors (4096K)
 Metaspace       used 27346K, capacity 28054K, committed 28288K, reserved 1075200K
  class space    used 2896K, capacity 3169K, committed 3200K, reserved 1048576K
}
Event: 23.190 GC heap before
{Heap before GC invocations=20 (full 0):
 garbage-first heap   total 138240K, used 110925K [0x0000000084e00000, 0x0000000100000000)
  region size 1024K, 62 young (63488K), 4 survivors (4096K)
 Metaspace       used 27357K, capacity 28054K, committed 28288K, reserved 1075200K
  class space    used 2896K, capacity 3169K, committed 3200K, reserved 1048576K
}
Event: 23.200 GC heap after
{Heap after GC invocations=21 (full 0):
 garbage-first heap   total 138240K, used 51753K [0x0000000084e00000, 0x0000000100000000)
  region size 1024K, 4 young (4096K), 4 survivors (4096K)
 Metaspace       used 27357K, capacity 28054K, committed 28288K, reserved 1075200K
  class space    used 2896K, capacity 3169K, committed 3200K, reserved 1048576K
}
Event: 23.627 GC heap before
{Heap before GC invocations=21 (full 0):
 garbage-first heap   total 138240K, used 113193K [0x0000000084e00000, 0x0000000100000000)
  region size 1024K, 64 young (65536K), 4 survivors (4096K)
 Metaspace       used 27450K, capacity 28128K, committed 28288K, reserved 1075200K
  class space    used 2898K, capacity 3172K, committed 3200K, reserved 1048576K
}
Event: 23.641 GC heap after
{Heap after GC invocations=22 (full 0):
 garbage-first heap   total 138240K, used 52411K [0x0000000084e00000, 0x0000000100000000)
  region size 1024K, 4 young (4096K), 4 survivors (4096K)
 Metaspace       used 27450K, capacity 28128K, committed 28288K, reserved 1075200K
  class space    used 2898K, capacity 3172K, committed 3200K, reserved 1048576K
}
Event: 23.973 GC heap before
{Heap before GC invocations=22 (full 0):
 garbage-first heap   total 138240K, used 115899K [0x0000000084e00000, 0x0000000100000000)
  region size 1024K, 66 young (67584K), 4 survivors (4096K)
 Metaspace       used 27475K, capacity 28192K, committed 28288K, reserved 1075200K
  class space    used 2898K, capacity 3172K, committed 3200K, reserved 1048576K
}
Event: 23.986 GC heap after
{Heap after GC invocations=23 (full 0):
 garbage-first heap   total 138240K, used 52887K [0x0000000084e00000, 0x0000000100000000)
  region size 1024K, 5 young (5120K), 5 survivors (5120K)
 Metaspace       used 27475K, capacity 28192K, committed 28288K, reserved 1075200K
  class space    used 2898K, capacity 3172K, committed 3200K, reserved 1048576K
}
Event: 24.068 GC heap before
{Heap before GC invocations=23 (full 0):
 garbage-first heap   total 138240K, used 116375K [0x0000000084e00000, 0x0000000100000000)
  region size 1024K, 67 young (68608K), 5 survivors (5120K)
 Metaspace       used 27477K, capacity 28192K, committed 28288K, reserved 1075200K
  class space    used 2898K, capacity 3172K, committed 3200K, reserved 1048576K
}
Event: 24.078 GC heap after
{Heap after GC invocations=24 (full 0):
 garbage-first heap   total 165888K, used 52671K [0x0000000084e00000, 0x0000000100000000)
  region size 1024K, 5 young (5120K), 5 survivors (5120K)
 Metaspace       used 27477K, capacity 28192K, committed 28288K, reserved 1075200K
  class space    used 2898K, capacity 3172K, committed 3200K, reserved 1048576K
}
Event: 26.705 GC heap before
{Heap before GC invocations=24 (full 0):
 garbage-first heap   total 165888K, used 139711K [0x0000000084e00000, 0x0000000100000000)
  region size 1024K, 90 young (92160K), 5 survivors (5120K)
 Metaspace       used 28903K, capacity 29712K, committed 29824K, reserved 1075200K
  class space    used 3107K, capacity 3444K, committed 3456K, reserved 1048576K
}
Event: 26.723 GC heap after
{Heap after GC invocations=25 (full 0):
 garbage-first heap   total 165888K, used 55749K [0x0000000084e00000, 0x0000000100000000)
  region size 1024K, 8 young (8192K), 8 survivors (8192K)
 Metaspace       used 28903K, capacity 29712K, committed 29824K, reserved 1075200K
  class space    used 3107K, capacity 3444K, committed 3456K, reserved 1048576K
}
Event: 28.474 GC heap before
{Heap before GC invocations=25 (full 0):
 garbage-first heap   total 165888K, used 137669K [0x0000000084e00000, 0x0000000100000000)
  region size 1024K, 89 young (91136K), 8 survivors (8192K)
 Metaspace       used 29639K, capacity 30506K, committed 30720K, reserved 1077248K
  class space    used 3176K, capacity 3511K, committed 3584K, reserved 1048576K
}
Event: 28.498 GC heap after
{Heap after GC invocations=26 (full 0):
 garbage-first heap   total 165888K, used 66287K [0x0000000084e00000, 0x0000000100000000)
  region size 1024K, 12 young (12288K), 12 survivors (12288K)
 Metaspace       used 29639K, capacity 30506K, committed 30720K, reserved 1077248K
  class space    used 3176K, capacity 3511K, committed 3584K, reserved 1048576K
}
Event: 29.511 GC heap before
{Heap before GC invocations=26 (full 0):
 garbage-first heap   total 165888K, used 131823K [0x0000000084e00000, 0x0000000100000000)
  region size 1024K, 77 young (78848K), 12 survivors (12288K)
 Metaspace       used 30599K, capacity 31471K, committed 31616K, reserved 1077248K
  class space    used 3312K, capacity 3661K, committed 3712K, reserved 1048576K
}
Event: 29.534 GC heap after
{Heap after GC invocations=27 (full 0):
 garbage-first heap   total 165888K, used 70869K [0x0000000084e00000, 0x0000000100000000)
  region size 1024K, 7 young (7168K), 7 survivors (7168K)
 Metaspace       used 30599K, capacity 31471K, committed 31616K, reserved 1077248K
  class space    used 3312K, capacity 3661K, committed 3712K, reserved 1048576K
}
Event: 32.973 GC heap before
{Heap before GC invocations=27 (full 0):
 garbage-first heap   total 165888K, used 131285K [0x0000000084e00000, 0x0000000100000000)
  region size 1024K, 66 young (67584K), 7 survivors (7168K)
 Metaspace       used 30876K, capacity 31801K, committed 31872K, reserved 1077248K
  class space    used 3321K, capacity 3662K, committed 3712K, reserved 1048576K
}
Event: 32.980 GC heap after
{Heap after GC invocations=28 (full 0):
 garbage-first heap   total 199680K, used 71603K [0x0000000084e00000, 0x0000000100000000)
  region size 1024K, 5 young (5120K), 5 survivors (5120K)
 Metaspace       used 30876K, capacity 31801K, committed 31872K, reserved 1077248K
  class space    used 3321K, capacity 3662K, committed 3712K, reserved 1048576K
}

