# JRE version: Java(TM) SE Runtime Environment (14.0+36) (build 14+36-1461)
# Java VM: Java HotSpot(TM) 64-Bit Server VM (14+36-1461, mixed mode, sharing, tiered, compressed oops, g1 gc, windows-amd64)
Heap:
 garbage-first heap   total 335872K, used 125510K [0x0000000084e00000, 0x0000000100000000)
  region size 1024K, 11 young (11264K), 11 survivors (11264K)
 Metaspace       used 48013K, capacity 49823K, committed 49920K, reserved 1093632K
  class space    used 5470K, capacity 6100K, committed 6144K, reserved 1048576K
GC Heap History (20 events):
Event: 70.379 GC heap after
{Heap after GC invocations=51 (full 0):
 garbage-first heap   total 194560K, used 92793K [0x0000000084e00000, 0x0000000100000000)
  region size 1024K, 5 young (5120K), 5 survivors (5120K)
 Metaspace       used 48007K, capacity 49823K, committed 49920K, reserved 1093632K
  class space    used 5470K, capacity 6100K, committed 6144K, reserved 1048576K
}
Event: 70.711 GC heap before
{Heap before GC invocations=51 (full 0):
 garbage-first heap   total 194560K, used 166521K [0x0000000084e00000, 0x0000000100000000)
  region size 1024K, 77 young (78848K), 5 survivors (5120K)
 Metaspace       used 48008K, capacity 49823K, committed 49920K, reserved 1093632K
  class space    used 5470K, capacity 6100K, committed 6144K, reserved 1048576K
}
Event: 70.717 GC heap after
{Heap after GC invocations=52 (full 0):
 garbage-first heap   total 194560K, used 95344K [0x0000000084e00000, 0x0000000100000000)
  region size 1024K, 8 young (8192K), 8 survivors (8192K)
 Metaspace       used 48008K, capacity 49823K, committed 49920K, reserved 1093632K
  class space    used 5470K, capacity 6100K, committed 6144K, reserved 1048576K
}
Event: 71.080 GC heap before
{Heap before GC invocations=53 (full 0):
 garbage-first heap   total 208896K, used 163952K [0x0000000084e00000, 0x0000000100000000)
  region size 1024K, 75 young (76800K), 8 survivors (8192K)
 Metaspace       used 48008K, capacity 49823K, committed 49920K, reserved 1093632K
  class space    used 5470K, capacity 6100K, committed 6144K, reserved 1048576K
}
Event: 71.089 GC heap after
{Heap after GC invocations=54 (full 0):
 garbage-first heap   total 208896K, used 98000K [0x0000000084e00000, 0x0000000100000000)
  region size 1024K, 8 young (8192K), 8 survivors (8192K)
 Metaspace       used 48008K, capacity 49823K, committed 49920K, reserved 1093632K
  class space    used 5470K, capacity 6100K, committed 6144K, reserved 1048576K
}
Event: 71.414 GC heap before
{Heap before GC invocations=54 (full 0):
 garbage-first heap   total 208896K, used 177872K [0x0000000084e00000, 0x0000000100000000)
  region size 1024K, 86 young (88064K), 8 survivors (8192K)
 Metaspace       used 48008K, capacity 49823K, committed 49920K, reserved 1093632K
  class space    used 5470K, capacity 6100K, committed 6144K, reserved 1048576K
}
Event: 71.422 GC heap after
{Heap after GC invocations=55 (full 0):
 garbage-first heap   total 208896K, used 100783K [0x0000000084e00000, 0x0000000100000000)
  region size 1024K, 8 young (8192K), 8 survivors (8192K)
 Metaspace       used 48008K, capacity 49823K, committed 49920K, reserved 1093632K
  class space    used 5470K, capacity 6100K, committed 6144K, reserved 1048576K
}
Event: 71.763 GC heap before
{Heap before GC invocations=55 (full 0):
 garbage-first heap   total 208896K, used 178607K [0x0000000084e00000, 0x0000000100000000)
  region size 1024K, 84 young (86016K), 8 survivors (8192K)
 Metaspace       used 48008K, capacity 49823K, committed 49920K, reserved 1093632K
  class space    used 5470K, capacity 6100K, committed 6144K, reserved 1048576K
}
Event: 71.771 GC heap after
{Heap after GC invocations=56 (full 0):
 garbage-first heap   total 208896K, used 103765K [0x0000000084e00000, 0x0000000100000000)
  region size 1024K, 9 young (9216K), 9 survivors (9216K)
 Metaspace       used 48008K, capacity 49823K, committed 49920K, reserved 1093632K
  class space    used 5470K, capacity 6100K, committed 6144K, reserved 1048576K
}
Event: 72.108 GC heap before
{Heap before GC invocations=56 (full 0):
 garbage-first heap   total 208896K, used 177493K [0x0000000084e00000, 0x0000000100000000)
  region size 1024K, 81 young (82944K), 9 survivors (9216K)
 Metaspace       used 48009K, capacity 49823K, committed 49920K, reserved 1093632K
  class space    used 5470K, capacity 6100K, committed 6144K, reserved 1048576K
}
Event: 72.118 GC heap after
{Heap after GC invocations=57 (full 0):
 garbage-first heap   total 208896K, used 107120K [0x0000000084e00000, 0x0000000100000000)
  region size 1024K, 7 young (7168K), 7 survivors (7168K)
 Metaspace       used 48009K, capacity 49823K, committed 49920K, reserved 1093632K
  class space    used 5470K, capacity 6100K, committed 6144K, reserved 1048576K
}
Event: 72.475 GC heap before
{Heap before GC invocations=58 (full 0):
 garbage-first heap   total 232448K, used 176752K [0x0000000084e00000, 0x0000000100000000)
  region size 1024K, 76 young (77824K), 7 survivors (7168K)
 Metaspace       used 48009K, capacity 49823K, committed 49920K, reserved 1093632K
  class space    used 5470K, capacity 6100K, committed 6144K, reserved 1048576K
}
Event: 72.484 GC heap after
{Heap after GC invocations=59 (full 0):
 garbage-first heap   total 279552K, used 109791K [0x0000000084e00000, 0x0000000100000000)
  region size 1024K, 6 young (6144K), 6 survivors (6144K)
 Metaspace       used 48009K, capacity 49823K, committed 49920K, reserved 1093632K
  class space    used 5470K, capacity 6100K, committed 6144K, reserved 1048576K
}
Event: 73.361 GC heap before
{Heap before GC invocations=59 (full 0):
 garbage-first heap   total 279552K, used 237791K [0x0000000084e00000, 0x0000000100000000)
  region size 1024K, 130 young (133120K), 6 survivors (6144K)
 Metaspace       used 48009K, capacity 49823K, committed 49920K, reserved 1093632K
  class space    used 5470K, capacity 6100K, committed 6144K, reserved 1048576K
}
Event: 73.371 GC heap after
{Heap after GC invocations=60 (full 0):
 garbage-first heap   total 279552K, used 116222K [0x0000000084e00000, 0x0000000100000000)
  region size 1024K, 12 young (12288K), 12 survivors (12288K)
 Metaspace       used 48009K, capacity 49823K, committed 49920K, reserved 1093632K
  class space    used 5470K, capacity 6100K, committed 6144K, reserved 1048576K
}
Event: 74.070 GC heap before
{Heap before GC invocations=60 (full 0):
 garbage-first heap   total 279552K, used 233982K [0x0000000084e00000, 0x0000000100000000)
  region size 1024K, 127 young (130048K), 12 survivors (12288K)
 Metaspace       used 48010K, capacity 49823K, committed 49920K, reserved 1093632K
  class space    used 5470K, capacity 6100K, committed 6144K, reserved 1048576K
}
Event: 74.081 GC heap after
{Heap after GC invocations=61 (full 0):
 garbage-first heap   total 279552K, used 119682K [0x0000000084e00000, 0x0000000100000000)
  region size 1024K, 12 young (12288K), 12 survivors (12288K)
 Metaspace       used 48010K, capacity 49823K, committed 49920K, reserved 1093632K
  class space    used 5470K, capacity 6100K, committed 6144K, reserved 1048576K
}
Event: 74.779 GC heap before
{Heap before GC invocations=61 (full 0):
 garbage-first heap   total 279552K, used 236418K [0x0000000084e00000, 0x0000000100000000)
  region size 1024K, 126 young (129024K), 12 survivors (12288K)
 Metaspace       used 48010K, capacity 49823K, committed 49920K, reserved 1093632K
  class space    used 5470K, capacity 6100K, committed 6144K, reserved 1048576K
}
Event: 74.790 GC heap after
{Heap after GC invocations=62 (full 0):
 garbage-first heap   total 279552K, used 122755K [0x0000000084e00000, 0x0000000100000000)
  region size 1024K, 7 young (7168K), 7 survivors (7168K)
 Metaspace       used 48010K, capacity 49823K, committed 49920K, reserved 1093632K
  class space    used 5470K, capacity 6100K, committed 6144K, reserved 1048576K
}
Event: 75.290 GC heap before
{Heap before GC invocations=62 (full 0):
 garbage-first heap   total 279552K, used 239491K [0x0000000084e00000, 0x0000000100000000)
  region size 1024K, 121 young (123904K), 7 survivors (7168K)
 Metaspace       used 48013K, capacity 49823K, committed 49920K, reserved 1093632K
  class space    used 5470K, capacity 6100K, committed 6144K, reserved 1048576K
}

