# JRE version: Java(TM) SE Runtime Environment (14.0.1+7) (build 14.0.1+7)
# Java VM: Java HotSpot(TM) 64-Bit Server VM (14.0.1+7, mixed mode, sharing, tiered, compressed oops, g1 gc, windows-amd64)
Heap:
 garbage-first heap   total 1248256K, used 262391K [0x0000000700000000, 0x0000000800000000)
  region size 1024K, 10 young (10240K), 10 survivors (10240K)
 Metaspace       used 23793K, capacity 24422K, committed 24704K, reserved 1071104K
  class space    used 2674K, capacity 2912K, committed 2944K, reserved 1048576K
GC Heap History (20 events):
Event: 6.980 GC heap after
{Heap after GC invocations=13 (full 0):
 garbage-first heap   total 144384K, used 81544K [0x0000000700000000, 0x0000000800000000)
  region size 1024K, 6 young (6144K), 6 survivors (6144K)
 Metaspace       used 23793K, capacity 24422K, committed 24704K, reserved 1071104K
  class space    used 2674K, capacity 2912K, committed 2944K, reserved 1048576K
}
Event: 7.092 GC heap before
{Heap before GC invocations=13 (full 0):
 garbage-first heap   total 188416K, used 117384K [0x0000000700000000, 0x0000000800000000)
  region size 1024K, 37 young (37888K), 6 survivors (6144K)
 Metaspace       used 23793K, capacity 24422K, committed 24704K, reserved 1071104K
  class space    used 2674K, capacity 2912K, committed 2944K, reserved 1048576K
}
Event: 7.108 GC heap after
{Heap after GC invocations=14 (full 0):
 garbage-first heap   total 188416K, used 93175K [0x0000000700000000, 0x0000000800000000)
  region size 1024K, 5 young (5120K), 5 survivors (5120K)
 Metaspace       used 23793K, capacity 24422K, committed 24704K, reserved 1071104K
  class space    used 2674K, capacity 2912K, committed 2944K, reserved 1048576K
}
Event: 7.290 GC heap before
{Heap before GC invocations=15 (full 0):
 garbage-first heap   total 188416K, used 140279K [0x0000000700000000, 0x0000000800000000)
  region size 1024K, 52 young (53248K), 5 survivors (5120K)
 Metaspace       used 23793K, capacity 24422K, committed 24704K, reserved 1071104K
  class space    used 2674K, capacity 2912K, committed 2944K, reserved 1048576K
}
Event: 7.308 GC heap after
{Heap after GC invocations=16 (full 0):
 garbage-first heap   total 226304K, used 103416K [0x0000000700000000, 0x0000000800000000)
  region size 1024K, 7 young (7168K), 7 survivors (7168K)
 Metaspace       used 23793K, capacity 24422K, committed 24704K, reserved 1071104K
  class space    used 2674K, capacity 2912K, committed 2944K, reserved 1048576K
}
Event: 7.518 GC heap before
{Heap before GC invocations=17 (full 0):
 garbage-first heap   total 229376K, used 169976K [0x0000000700000000, 0x0000000800000000)
  region size 1024K, 73 young (74752K), 7 survivors (7168K)
 Metaspace       used 23793K, capacity 24422K, committed 24704K, reserved 1071104K
  class space    used 2674K, capacity 2912K, committed 2944K, reserved 1048576K
}
Event: 7.541 GC heap after
{Heap after GC invocations=18 (full 0):
 garbage-first heap   total 229376K, used 114579K [0x0000000700000000, 0x0000000800000000)
  region size 1024K, 10 young (10240K), 10 survivors (10240K)
 Metaspace       used 23793K, capacity 24422K, committed 24704K, reserved 1071104K
  class space    used 2674K, capacity 2912K, committed 2944K, reserved 1048576K
}
Event: 7.679 GC heap before
{Heap before GC invocations=18 (full 0):
 garbage-first heap   total 229376K, used 177043K [0x0000000700000000, 0x0000000800000000)
  region size 1024K, 71 young (72704K), 10 survivors (10240K)
 Metaspace       used 23793K, capacity 24422K, committed 24704K, reserved 1071104K
  class space    used 2674K, capacity 2912K, committed 2944K, reserved 1048576K
}
Event: 7.707 GC heap after
{Heap after GC invocations=19 (full 0):
 garbage-first heap   total 229376K, used 126769K [0x0000000700000000, 0x0000000800000000)
  region size 1024K, 9 young (9216K), 9 survivors (9216K)
 Metaspace       used 23793K, capacity 24422K, committed 24704K, reserved 1071104K
  class space    used 2674K, capacity 2912K, committed 2944K, reserved 1048576K
}
Event: 7.836 GC heap before
{Heap before GC invocations=19 (full 0):
 garbage-first heap   total 229376K, used 180017K [0x0000000700000000, 0x0000000800000000)
  region size 1024K, 61 young (62464K), 9 survivors (9216K)
 Metaspace       used 23793K, capacity 24422K, committed 24704K, reserved 1071104K
  class space    used 2674K, capacity 2912K, committed 2944K, reserved 1048576K
}
Event: 7.858 GC heap after
{Heap after GC invocations=20 (full 0):
 garbage-first heap   total 229376K, used 137463K [0x0000000700000000, 0x0000000800000000)
  region size 1024K, 8 young (8192K), 8 survivors (8192K)
 Metaspace       used 23793K, capacity 24422K, committed 24704K, reserved 1071104K
  class space    used 2674K, capacity 2912K, committed 2944K, reserved 1048576K
}
Event: 7.984 GC heap before
{Heap before GC invocations=20 (full 0):
 garbage-first heap   total 239616K, used 184567K [0x0000000700000000, 0x0000000800000000)
  region size 1024K, 53 young (54272K), 8 survivors (8192K)
 Metaspace       used 23793K, capacity 24422K, committed 24704K, reserved 1071104K
  class space    used 2674K, capacity 2912K, committed 2944K, reserved 1048576K
}
Event: 8.010 GC heap after
{Heap after GC invocations=21 (full 0):
 garbage-first heap   total 479232K, used 148058K [0x0000000700000000, 0x0000000800000000)
  region size 1024K, 7 young (7168K), 7 survivors (7168K)
 Metaspace       used 23793K, capacity 24422K, committed 24704K, reserved 1071104K
  class space    used 2674K, capacity 2912K, committed 2944K, reserved 1048576K
}
Event: 8.639 GC heap before
{Heap before GC invocations=22 (full 0):
 garbage-first heap   total 479232K, used 359002K [0x0000000700000000, 0x0000000800000000)
  region size 1024K, 202 young (206848K), 7 survivors (7168K)
 Metaspace       used 23793K, capacity 24422K, committed 24704K, reserved 1071104K
  class space    used 2674K, capacity 2912K, committed 2944K, reserved 1048576K
}
Event: 8.698 GC heap after
{Heap after GC invocations=23 (full 0):
 garbage-first heap   total 479232K, used 194807K [0x0000000700000000, 0x0000000800000000)
  region size 1024K, 26 young (26624K), 26 survivors (26624K)
 Metaspace       used 23793K, capacity 24422K, committed 24704K, reserved 1071104K
  class space    used 2674K, capacity 2912K, committed 2944K, reserved 1048576K
}
Event: 9.100 GC heap before
{Heap before GC invocations=23 (full 0):
 garbage-first heap   total 479232K, used 358647K [0x0000000700000000, 0x0000000800000000)
  region size 1024K, 186 young (190464K), 26 survivors (26624K)
 Metaspace       used 23793K, capacity 24422K, committed 24704K, reserved 1071104K
  class space    used 2674K, capacity 2912K, committed 2944K, reserved 1048576K
}
Event: 9.162 GC heap after
{Heap after GC invocations=24 (full 0):
 garbage-first heap   total 479232K, used 224503K [0x0000000700000000, 0x0000000800000000)
  region size 1024K, 24 young (24576K), 24 survivors (24576K)
 Metaspace       used 23793K, capacity 24422K, committed 24704K, reserved 1071104K
  class space    used 2674K, capacity 2912K, committed 2944K, reserved 1048576K
}
Event: 9.511 GC heap before
{Heap before GC invocations=24 (full 0):
 garbage-first heap   total 479232K, used 370935K [0x0000000700000000, 0x0000000800000000)
  region size 1024K, 167 young (171008K), 24 survivors (24576K)
 Metaspace       used 23793K, capacity 24422K, committed 24704K, reserved 1071104K
  class space    used 2674K, capacity 2912K, committed 2944K, reserved 1048576K
}
Event: 9.571 GC heap after
{Heap after GC invocations=25 (full 0):
 garbage-first heap   total 479232K, used 251256K [0x0000000700000000, 0x0000000800000000)
  region size 1024K, 21 young (21504K), 21 survivors (21504K)
 Metaspace       used 23793K, capacity 24422K, committed 24704K, reserved 1071104K
  class space    used 2674K, capacity 2912K, committed 2944K, reserved 1048576K
}
Event: 9.685 GC heap before
{Heap before GC invocations=25 (full 0):
 garbage-first heap   total 479232K, used 299384K [0x0000000700000000, 0x0000000800000000)
  region size 1024K, 69 young (70656K), 21 survivors (21504K)
 Metaspace       used 23793K, capacity 24422K, committed 24704K, reserved 1071104K
  class space    used 2674K, capacity 2912K, committed 2944K, reserved 1048576K
}

